Unity Editor version:    2022.3.22f1 (887be4894c44)
Branch:                  2022.3/staging
Build type:              Release
Batch mode:              YES
macOS version:           Version 14.4.1 (Build 23E224)
Darwin version:          23.4.0
Architecture:            x86_64
Running under Rosetta:   NO
Available memory:        16384 MB
Using pre-set license
Pro License: YES

COMMAND LINE ARGUMENTS:
/Applications/Unity/Hub/Editor/2022.3.22f1/Unity.app/Contents/MacOS/Unity
-adb2
-batchMode
-noUpm
-name
AssetImportWorker1
-projectPath
/Users/scienceresearch/Documents/GitHub/SandBoxGame/SandboxGame
-logFile
Logs/AssetImportWorker1.log
-srvPort
54545
Successfully changed project path to: /Users/scienceresearch/Documents/GitHub/SandBoxGame/SandboxGame
/Users/scienceresearch/Documents/GitHub/SandBoxGame/SandboxGame
[UnityMemory] Configuration Parameters - Can be set up in boot.config
    "memorysetup-bucket-allocator-granularity=16"
    "memorysetup-bucket-allocator-bucket-count=8"
    "memorysetup-bucket-allocator-block-size=33554432"
    "memorysetup-bucket-allocator-block-count=8"
    "memorysetup-main-allocator-block-size=16777216"
    "memorysetup-thread-allocator-block-size=16777216"
    "memorysetup-gfx-main-allocator-block-size=16777216"
    "memorysetup-gfx-thread-allocator-block-size=16777216"
    "memorysetup-cache-allocator-block-size=4194304"
    "memorysetup-typetree-allocator-block-size=2097152"
    "memorysetup-profiler-bucket-allocator-granularity=16"
    "memorysetup-profiler-bucket-allocator-bucket-count=8"
    "memorysetup-profiler-bucket-allocator-block-size=33554432"
    "memorysetup-profiler-bucket-allocator-block-count=8"
    "memorysetup-profiler-allocator-block-size=16777216"
    "memorysetup-profiler-editor-allocator-block-size=1048576"
    "memorysetup-temp-allocator-size-main=16777216"
    "memorysetup-job-temp-allocator-block-size=2097152"
    "memorysetup-job-temp-allocator-block-size-background=1048576"
    "memorysetup-job-temp-allocator-reduction-small-platforms=262144"
    "memorysetup-allocator-temp-initial-block-size-main=262144"
    "memorysetup-allocator-temp-initial-block-size-worker=262144"
    "memorysetup-temp-allocator-size-background-worker=32768"
    "memorysetup-temp-allocator-size-job-worker=262144"
    "memorysetup-temp-allocator-size-preload-manager=33554432"
    "memorysetup-temp-allocator-size-nav-mesh-worker=65536"
    "memorysetup-temp-allocator-size-audio-worker=65536"
    "memorysetup-temp-allocator-size-cloud-worker=32768"
    "memorysetup-temp-allocator-size-gi-baking-worker=262144"
    "memorysetup-temp-allocator-size-gfx=262144"
Player connection [140704536879360] Host "[IP] 127.51.68.120 [Port] 0 [Flags] 2 [Guid] 2737634283 [EditorId] 2737634283 [Version] 1048832 [Id] OSXEditor(0,Grahams-MacBook-Pro.local) [Debug] 1 [PackageName] OSXEditor [ProjectName] Editor" joined multi-casting on [225.0.0.222:54997]...

Player connection [140704536879360] Host "[IP] 127.51.68.120 [Port] 0 [Flags] 2 [Guid] 2737634283 [EditorId] 2737634283 [Version] 1048832 [Id] OSXEditor(0,Grahams-MacBook-Pro.local) [Debug] 1 [PackageName] OSXEditor [ProjectName] Editor" joined alternative multi-casting on [225.0.0.222:34997]...

[Physics::Module] Initialized MultithreadedJobDispatcher with 11 workers.
Refreshing native plugins compatible for Editor in 21.60 ms, found 2 plugins.
Preloading 0 native plugins for Editor in 0.00 ms.
Initialize engine version: 2022.3.22f1 (887be4894c44)
[Subsystems] Discovering subsystems at path /Applications/Unity/Hub/Editor/2022.3.22f1/Unity.app/Contents/Resources/UnitySubsystems
[Subsystems] Discovering subsystems at path /Users/scienceresearch/Documents/GitHub/SandBoxGame/SandboxGame/Assets
GfxDevice: creating device client; threaded=0; jobified=0
Color LCD preferred device: AMD Radeon Pro 5300M (high power)
Metal devices available: 2
0: AMD Radeon Pro 5300M (high power)
1: Intel(R) UHD Graphics 630 (low power)
Using device AMD Radeon Pro 5300M (high power)
Initializing Metal device caps: AMD Radeon Pro 5300M
Initialize mono
Mono path[0] = '/Applications/Unity/Hub/Editor/2022.3.22f1/Unity.app/Contents/Managed'
Mono path[1] = '/Applications/Unity/Hub/Editor/2022.3.22f1/Unity.app/Contents/MonoBleedingEdge/lib/mono/unityjit-macos'
Mono config path = '/Applications/Unity/Hub/Editor/2022.3.22f1/Unity.app/Contents/MonoBleedingEdge/etc'
Using monoOptions --debugger-agent=transport=dt_socket,embedding=1,server=y,suspend=n,address=127.0.0.1:56221
Begin MonoManager ReloadAssembly
Registering precompiled unity dll's ...
Register platform support module: /Applications/Unity/Hub/Editor/2022.3.22f1/PlaybackEngines/WebGLSupport/UnityEditor.WebGL.Extensions.dll
Register platform support module: /Applications/Unity/Hub/Editor/2022.3.22f1/Unity.app/Contents/PlaybackEngines/MacStandaloneSupport/UnityEditor.OSXStandalone.Extensions.dll
Registered in 0.005296 seconds.
- Loaded All Assemblies, in  0.592 seconds
Native extension for OSXStandalone target not found
Native extension for WebGL target not found
Mono: successfully reloaded assembly
- Finished resetting the current domain, in  0.379 seconds
Domain Reload Profiling: 972ms
	BeginReloadAssembly (193ms)
		ExecutionOrderSort (0ms)
		DisableScriptedObjects (0ms)
		BackupInstance (0ms)
		ReleaseScriptingObjects (0ms)
		CreateAndSetChildDomain (1ms)
	RebuildCommonClasses (83ms)
	RebuildNativeTypeToScriptingClass (18ms)
	initialDomainReloadingComplete (74ms)
	LoadAllAssembliesAndSetupDomain (224ms)
		LoadAssemblies (194ms)
		RebuildTransferFunctionScriptingTraits (0ms)
		AnalyzeDomain (221ms)
			TypeCache.Refresh (217ms)
				TypeCache.ScanAssembly (199ms)
			ScanForSourceGeneratedMonoScriptInfo (0ms)
			ResolveRequiredComponents (1ms)
	FinalizeReload (380ms)
		ReleaseScriptCaches (0ms)
		RebuildScriptCaches (0ms)
		SetupLoadedEditorAssemblies (291ms)
			LogAssemblyErrors (0ms)
			InitializePlatformSupportModulesInManaged (13ms)
			SetLoadedEditorAssemblies (8ms)
			RefreshPlugins (0ms)
			BeforeProcessingInitializeOnLoad (3ms)
			ProcessInitializeOnLoadAttributes (201ms)
			ProcessInitializeOnLoadMethodAttributes (66ms)
			AfterProcessingInitializeOnLoad (0ms)
			EditorAssembliesLoaded (0ms)
		ExecutionOrderSort2 (0ms)
		AwakeInstancesAfterBackupRestoration (0ms)
========================================================================
Worker process is ready to serve import requests
Begin MonoManager ReloadAssembly
- Loaded All Assemblies, in  0.815 seconds
Refreshing native plugins compatible for Editor in 1.31 ms, found 2 plugins.
Native extension for OSXStandalone target not found
Native extension for WebGL target not found
Package Manager log level set to [2]
[Package Manager] Server::EnsureServerProcessIsRunning -- launch failed, reason: Unity was launched with the -noUpm command-line argument
[Package Manager] UpmClient::Send -- Unable to send message (not connected to UPM process).
[Package Manager] Cannot connect to Unity Package Manager local server
Mono: successfully reloaded assembly
- Finished resetting the current domain, in  0.858 seconds
Domain Reload Profiling: 1674ms
	BeginReloadAssembly (193ms)
		ExecutionOrderSort (0ms)
		DisableScriptedObjects (10ms)
		BackupInstance (0ms)
		ReleaseScriptingObjects (0ms)
		CreateAndSetChildDomain (42ms)
	RebuildCommonClasses (51ms)
	RebuildNativeTypeToScriptingClass (17ms)
	initialDomainReloadingComplete (53ms)
	LoadAllAssembliesAndSetupDomain (501ms)
		LoadAssemblies (387ms)
		RebuildTransferFunctionScriptingTraits (0ms)
		AnalyzeDomain (204ms)
			TypeCache.Refresh (179ms)
				TypeCache.ScanAssembly (163ms)
			ScanForSourceGeneratedMonoScriptInfo (14ms)
			ResolveRequiredComponents (7ms)
	FinalizeReload (859ms)
		ReleaseScriptCaches (0ms)
		RebuildScriptCaches (0ms)
		SetupLoadedEditorAssemblies (668ms)
			LogAssemblyErrors (0ms)
			InitializePlatformSupportModulesInManaged (6ms)
			SetLoadedEditorAssemblies (5ms)
			RefreshPlugins (0ms)
			BeforeProcessingInitializeOnLoad (57ms)
			ProcessInitializeOnLoadAttributes (577ms)
			ProcessInitializeOnLoadMethodAttributes (21ms)
			AfterProcessingInitializeOnLoad (1ms)
			EditorAssembliesLoaded (0ms)
		ExecutionOrderSort2 (0ms)
		AwakeInstancesAfterBackupRestoration (4ms)
Launching external process: /Applications/Unity/Hub/Editor/2022.3.22f1/Unity.app/Contents/Tools/UnityShaderCompiler
Launched and connected shader compiler UnityShaderCompiler after 0.09 seconds
Refreshing native plugins compatible for Editor in 1.67 ms, found 2 plugins.
Preloading 0 native plugins for Editor in 0.00 ms.
Unloading 3102 Unused Serialized files (Serialized files now loaded: 0)
Unloading 33 unused Assets / (52.0 KB). Loaded Objects now: 3565.
Memory consumption went from 126.9 MB to 126.8 MB.
Total: 4.212995 ms (FindLiveObjects: 0.252090 ms CreateObjectMapping: 0.231595 ms MarkObjects: 3.552301 ms  DeleteObjects: 0.176116 ms)

AssetImportParameters requested are different than current active one (requested -> active):
  custom:video-decoder-webm-vp8: 9c59270c3fd7afecdb556c50c9e8de78 -> 
  custom:SearchIndexIgnoredProperties: e643bd26f0fe6173181afceb89e7c659 -> 
  custom:container-demuxer-ogg: 62fdf1f143b41e24485cea50d1cbac27 -> 
  custom:AudioImporter_EditorPlatform: 3918e3fc78b5a79bad01e8451be0beb8 -> 
  custom:video-decoder-ogg-theora: a1e56fd34408186e4bbccfd4996cb3dc -> 
  custom:framework-osx-AVFoundation: e770b220cccbd017edd2c1fefb359320 -> 
  custom:video-encoder-webm-vp8: eb34c28f22e8b96e1ab97ce403110664 -> 
  custom:audio-decoder-ogg-vorbis: bf7c407c2cedff20999df2af8eb42d56 -> 
  custom:CustomObjectIndexerAttribute: 9a22284fe3817be447336de3de66b15e -> 
  custom:container-demuxer-webm: 4f35f7cbe854078d1ac9338744f61a02 -> 
  custom:audio-encoder-webm-vorbis: bf7c407c2cedff20999df2af8eb42d56 -> 
  custom:container-muxer-webm: aa71ff27fc2769a1b78a27578f13a17b -> 
========================================================================
Received Import Request.
  Time since last request: 223704.965361 seconds.
  path: Assets/Tensori/Low-polyFarm/Art/Models/Environment/rock5.fbx
  artifactKey: Guid(9706153c875878b45b0696390f0260b5) Importer(815301076,1909f56bfc062723c751e8b465ee728b)
Start importing Assets/Tensori/Low-polyFarm/Art/Models/Environment/rock5.fbx using Guid(9706153c875878b45b0696390f0260b5) Importer(815301076,1909f56bfc062723c751e8b465ee728b)  -> (artifact id: 'c021cb6d022e89af22dd8b07c6090759') in 0.316598 seconds
Number of updated asset objects reloaded before import = 0
Number of asset objects unloaded after import = 9
========================================================================
Received Import Request.
  Time since last request: 0.000062 seconds.
  path: Assets/Tensori/Low-polyFarm/Art/Models/Environment/mountain3.fbx
  artifactKey: Guid(d4e12fe2ea3debf4897b322ed5d0d66c) Importer(815301076,1909f56bfc062723c751e8b465ee728b)
Start importing Assets/Tensori/Low-polyFarm/Art/Models/Environment/mountain3.fbx using Guid(d4e12fe2ea3debf4897b322ed5d0d66c) Importer(815301076,1909f56bfc062723c751e8b465ee728b)  -> (artifact id: 'a457c986cc37dfb70ff1a3f7fd46f3a8') in 0.044112 seconds
Number of updated asset objects reloaded before import = 0
Number of asset objects unloaded after import = 22
========================================================================
Received Import Request.
  Time since last request: 0.000115 seconds.
  path: Assets/Tensori/Low-polyFarm/Art/Models/Buildings/barn.fbx
  artifactKey: Guid(19ae736a5a4f7dc429924d68ee8ceb12) Importer(815301076,1909f56bfc062723c751e8b465ee728b)
Start importing Assets/Tensori/Low-polyFarm/Art/Models/Buildings/barn.fbx using Guid(19ae736a5a4f7dc429924d68ee8ceb12) Importer(815301076,1909f56bfc062723c751e8b465ee728b)  -> (artifact id: '68769bb0ed2db39c3c8d865dec4ba565') in 0.047364 seconds
Number of updated asset objects reloaded before import = 0
Number of asset objects unloaded after import = 22
========================================================================
Received Import Request.
  Time since last request: 0.000067 seconds.
  path: Assets/Tensori/Low-polyFarm/Art/Models/Buildings/stall.fbx
  artifactKey: Guid(2c3a947587260524ca06e864097c63d3) Importer(815301076,1909f56bfc062723c751e8b465ee728b)
Start importing Assets/Tensori/Low-polyFarm/Art/Models/Buildings/stall.fbx using Guid(2c3a947587260524ca06e864097c63d3) Importer(815301076,1909f56bfc062723c751e8b465ee728b)  -> (artifact id: '3c790c26d670a94080d4bd1396a27e41') in 0.034508 seconds
Number of updated asset objects reloaded before import = 0
Number of asset objects unloaded after import = 17
========================================================================
Received Import Request.
  Time since last request: 0.000100 seconds.
  path: Assets/Tensori/Low-polyFarm/Art/Models/Environment/rock1.fbx
  artifactKey: Guid(39ce7da4a70f04345a7b5b0c565d61e6) Importer(815301076,1909f56bfc062723c751e8b465ee728b)
Start importing Assets/Tensori/Low-polyFarm/Art/Models/Environment/rock1.fbx using Guid(39ce7da4a70f04345a7b5b0c565d61e6) Importer(815301076,1909f56bfc062723c751e8b465ee728b)  -> (artifact id: '913d7a3a90dcf18d33284c2e6108fc88') in 0.036288 seconds
Number of updated asset objects reloaded before import = 0
Number of asset objects unloaded after import = 17
========================================================================
Received Import Request.
  Time since last request: 0.000121 seconds.
  path: Assets/Tensori/Low-polyFarm/Art/Models/Environment/mountain2.fbx
  artifactKey: Guid(61922cec7a7957b478623b2953bbfed3) Importer(815301076,1909f56bfc062723c751e8b465ee728b)
Start importing Assets/Tensori/Low-polyFarm/Art/Models/Environment/mountain2.fbx using Guid(61922cec7a7957b478623b2953bbfed3) Importer(815301076,1909f56bfc062723c751e8b465ee728b)  -> (artifact id: 'e51ef5c35f6a96c686ebc89b86abb558') in 0.052618 seconds
Number of updated asset objects reloaded before import = 0
Number of asset objects unloaded after import = 22
========================================================================
Received Import Request.
  Time since last request: 0.000065 seconds.
  path: Assets/Tensori/Low-polyFarm/Art/Models/Environment/rock4.fbx
  artifactKey: Guid(fbffbd3980ddbec4c91b10c4f2641856) Importer(815301076,1909f56bfc062723c751e8b465ee728b)
Start importing Assets/Tensori/Low-polyFarm/Art/Models/Environment/rock4.fbx using Guid(fbffbd3980ddbec4c91b10c4f2641856) Importer(815301076,1909f56bfc062723c751e8b465ee728b)  -> (artifact id: 'a927dc74a87f08a581ef1dfbda015b83') in 0.031509 seconds
Number of updated asset objects reloaded before import = 0
Number of asset objects unloaded after import = 17
========================================================================
Received Import Request.
  Time since last request: 0.000059 seconds.
  path: Assets/Tensori/Low-polyFarm/Art/Models/Environment/mountain1.fbx
  artifactKey: Guid(4bf3939c7aa357d41b6bf819d2c59fb6) Importer(815301076,1909f56bfc062723c751e8b465ee728b)
Start importing Assets/Tensori/Low-polyFarm/Art/Models/Environment/mountain1.fbx using Guid(4bf3939c7aa357d41b6bf819d2c59fb6) Importer(815301076,1909f56bfc062723c751e8b465ee728b)  -> (artifact id: 'd0e4d6cc6bf9359b9ddbcd1653e7fb4f') in 0.054866 seconds
Number of updated asset objects reloaded before import = 0
Number of asset objects unloaded after import = 22
========================================================================
Received Import Request.
  Time since last request: 0.000080 seconds.
  path: Assets/Tensori/Low-polyFarm/Art/Models/Buildings/wonky yellow house.fbx
  artifactKey: Guid(ddd8ed2b006045d4295081d62ff89dbf) Importer(815301076,1909f56bfc062723c751e8b465ee728b)
Start importing Assets/Tensori/Low-polyFarm/Art/Models/Buildings/wonky yellow house.fbx using Guid(ddd8ed2b006045d4295081d62ff89dbf) Importer(815301076,1909f56bfc062723c751e8b465ee728b)  -> (artifact id: '88f28a9a96870d21ef00353aebc716b6') in 0.053432 seconds
Number of updated asset objects reloaded before import = 0
Number of asset objects unloaded after import = 22
========================================================================
Received Import Request.
  Time since last request: 0.000066 seconds.
  path: Assets/Tensori/Low-polyFarm/Art/Models/Environment/tractor.fbx
  artifactKey: Guid(32130766fe937604990e75778b876877) Importer(815301076,1909f56bfc062723c751e8b465ee728b)
Start importing Assets/Tensori/Low-polyFarm/Art/Models/Environment/tractor.fbx using Guid(32130766fe937604990e75778b876877) Importer(815301076,1909f56bfc062723c751e8b465ee728b)  -> (artifact id: '68a57f82302fc97d7e6e06c7cbcf6a67') in 0.056660 seconds
Number of updated asset objects reloaded before import = 0
Number of asset objects unloaded after import = 22
========================================================================
Received Import Request.
  Time since last request: 0.000070 seconds.
  path: Assets/Tensori/Low-polyFarm/Art/Models/Environment/large tree 2.fbx
  artifactKey: Guid(4601bccfc00bab848bd1cb000324a15c) Importer(815301076,1909f56bfc062723c751e8b465ee728b)
Start importing Assets/Tensori/Low-polyFarm/Art/Models/Environment/large tree 2.fbx using Guid(4601bccfc00bab848bd1cb000324a15c) Importer(815301076,1909f56bfc062723c751e8b465ee728b)  -> (artifact id: 'e7f3dfe89280d9b4505ef874e262d0a0') in 0.054003 seconds
Number of updated asset objects reloaded before import = 0
Number of asset objects unloaded after import = 22
========================================================================
Received Import Request.
  Time since last request: 0.000081 seconds.
  path: Assets/Tensori/Low-polyFarm/Art/Models/Environment/finishline.fbx
  artifactKey: Guid(0f439f9c214b3764586bbdf9417b671b) Importer(815301076,1909f56bfc062723c751e8b465ee728b)
Start importing Assets/Tensori/Low-polyFarm/Art/Models/Environment/finishline.fbx using Guid(0f439f9c214b3764586bbdf9417b671b) Importer(815301076,1909f56bfc062723c751e8b465ee728b)  -> (artifact id: 'a38550e8d5b88a2936553dda0a6d6309') in 0.227848 seconds
Number of updated asset objects reloaded before import = 0
Number of asset objects unloaded after import = 47
========================================================================
Received Import Request.
  Time since last request: 0.000086 seconds.
  path: Assets/Tensori/Low-polyFarm/Art/Models/Environment/trunk1.fbx
  artifactKey: Guid(1253ac5ae4fb2f6469ce1aa93a64a63c) Importer(815301076,1909f56bfc062723c751e8b465ee728b)
Start importing Assets/Tensori/Low-polyFarm/Art/Models/Environment/trunk1.fbx using Guid(1253ac5ae4fb2f6469ce1aa93a64a63c) Importer(815301076,1909f56bfc062723c751e8b465ee728b)  -> (artifact id: '069f23460b2e5be2a3f8ef12d500aeba') in 0.043338 seconds
Number of updated asset objects reloaded before import = 0
Number of asset objects unloaded after import = 17
========================================================================
Received Import Request.
  Time since last request: 0.000070 seconds.
  path: Assets/Tensori/Low-polyFarm/Art/Models/Environment/signpost.fbx
  artifactKey: Guid(06454323f96e6354287a77607b4c057d) Importer(815301076,1909f56bfc062723c751e8b465ee728b)
Start importing Assets/Tensori/Low-polyFarm/Art/Models/Environment/signpost.fbx using Guid(06454323f96e6354287a77607b4c057d) Importer(815301076,1909f56bfc062723c751e8b465ee728b)  -> (artifact id: '1b073347f458f5f4e9017dc273a9852d') in 0.035122 seconds
Number of updated asset objects reloaded before import = 0
Number of asset objects unloaded after import = 17
========================================================================
Received Import Request.
  Time since last request: 0.000102 seconds.
  path: Assets/Tensori/Low-polyFarm/Art/Models/Characters/Chicken NPC/chicken walkpath 2.fbx
  artifactKey: Guid(e51cfa84648fc624d8fcc0b4058770d7) Importer(815301076,1909f56bfc062723c751e8b465ee728b)
Start importing Assets/Tensori/Low-polyFarm/Art/Models/Characters/Chicken NPC/chicken walkpath 2.fbx using Guid(e51cfa84648fc624d8fcc0b4058770d7) Importer(815301076,1909f56bfc062723c751e8b465ee728b)  -> (artifact id: 'd939d0a5dd7a48a71728428c0101ee05') in 0.176353 seconds
Number of updated asset objects reloaded before import = 0
Number of asset objects unloaded after import = 10
========================================================================
Received Import Request.
  Time since last request: 0.019471 seconds.
  path: Assets/Tensori/Low-polyFarm/Art/Models/Environment/wood fence2.fbx
  artifactKey: Guid(dde98d64b7aa01845881f828ddb8592a) Importer(815301076,1909f56bfc062723c751e8b465ee728b)
Start importing Assets/Tensori/Low-polyFarm/Art/Models/Environment/wood fence2.fbx using Guid(dde98d64b7aa01845881f828ddb8592a) Importer(815301076,1909f56bfc062723c751e8b465ee728b)  -> (artifact id: '7f1680e1c61ccdbe3d41278a87579d24') in 0.058208 seconds
Number of updated asset objects reloaded before import = 0
Number of asset objects unloaded after import = 17
========================================================================
Received Import Request.
  Time since last request: 0.000090 seconds.
  path: Assets/Tensori/Low-polyFarm/Art/Models/Environment/Mesh colliders/large tree mesh collider.fbx
  artifactKey: Guid(00c3782c249a71f4cb91d8b73c8e9263) Importer(815301076,1909f56bfc062723c751e8b465ee728b)
Start importing Assets/Tensori/Low-polyFarm/Art/Models/Environment/Mesh colliders/large tree mesh collider.fbx using Guid(00c3782c249a71f4cb91d8b73c8e9263) Importer(815301076,1909f56bfc062723c751e8b465ee728b)  -> (artifact id: 'fca872df6a5f2c1403058aed772712ce') in 0.011918 seconds
Number of updated asset objects reloaded before import = 0
Number of asset objects unloaded after import = 7
========================================================================
Received Import Request.
  Time since last request: 0.000085 seconds.
  path: Assets/Tensori/Low-polyFarm/Art/Models/Environment/log shelter.fbx
  artifactKey: Guid(615e64afae6b05243a6b3c47c7cbf24b) Importer(815301076,1909f56bfc062723c751e8b465ee728b)
Start importing Assets/Tensori/Low-polyFarm/Art/Models/Environment/log shelter.fbx using Guid(615e64afae6b05243a6b3c47c7cbf24b) Importer(815301076,1909f56bfc062723c751e8b465ee728b)  -> (artifact id: '65d80b233cf41f3eee5c9173ecd62f1b') in 0.033581 seconds
Number of updated asset objects reloaded before import = 0
Number of asset objects unloaded after import = 17
========================================================================
Received Import Request.
  Time since last request: 0.000094 seconds.
  path: Assets/Tensori/Low-polyFarm/Art/Models/Environment/Nested/nested trees 1.fbx
  artifactKey: Guid(294405fb4c14e6b4dba9dc78969edf92) Importer(815301076,1909f56bfc062723c751e8b465ee728b)
Start importing Assets/Tensori/Low-polyFarm/Art/Models/Environment/Nested/nested trees 1.fbx using Guid(294405fb4c14e6b4dba9dc78969edf92) Importer(815301076,1909f56bfc062723c751e8b465ee728b)  -> (artifact id: 'a299f94addb34d364198495c85cf660d') in 0.069443 seconds
Number of updated asset objects reloaded before import = 0
Number of asset objects unloaded after import = 22
========================================================================
Received Import Request.
  Time since last request: 0.000096 seconds.
  path: Assets/Tensori/Low-polyFarm/Art/Models/Environment/leekField.fbx
  artifactKey: Guid(9cece6e4d1283304c9e0733d1080c94c) Importer(815301076,1909f56bfc062723c751e8b465ee728b)
Start importing Assets/Tensori/Low-polyFarm/Art/Models/Environment/leekField.fbx using Guid(9cece6e4d1283304c9e0733d1080c94c) Importer(815301076,1909f56bfc062723c751e8b465ee728b)  -> (artifact id: '2d8e4a772db5b6b03b906331ccabe9d6') in 0.054571 seconds
Number of updated asset objects reloaded before import = 0
Number of asset objects unloaded after import = 22
========================================================================
Received Import Request.
  Time since last request: 0.000102 seconds.
  path: Assets/Tensori/Low-polyFarm/Art/Models/Terrain/terrain w river.fbx
  artifactKey: Guid(67ab1099a560e22439fc1fad80018fcb) Importer(815301076,1909f56bfc062723c751e8b465ee728b)
Start importing Assets/Tensori/Low-polyFarm/Art/Models/Terrain/terrain w river.fbx using Guid(67ab1099a560e22439fc1fad80018fcb) Importer(815301076,1909f56bfc062723c751e8b465ee728b)  -> (artifact id: '152c8609973633a80f54e204b38c080f') in 0.041126 seconds
Number of updated asset objects reloaded before import = 0
Number of asset objects unloaded after import = 16
========================================================================
Received Import Request.
  Time since last request: 0.000054 seconds.
  path: Assets/Tensori/Low-polyFarm/Art/Models/Environment/Nested/nested fruittrees.fbx
  artifactKey: Guid(d02dbc152ba50a04cb29d34583a4c148) Importer(815301076,1909f56bfc062723c751e8b465ee728b)
Start importing Assets/Tensori/Low-polyFarm/Art/Models/Environment/Nested/nested fruittrees.fbx using Guid(d02dbc152ba50a04cb29d34583a4c148) Importer(815301076,1909f56bfc062723c751e8b465ee728b)  -> (artifact id: '7bc99a963a5a6591e923249a06cefd45') in 0.059957 seconds
Number of updated asset objects reloaded before import = 0
Number of asset objects unloaded after import = 22
========================================================================
Received Import Request.
  Time since last request: 0.000112 seconds.
  path: Assets/Tensori/Low-polyFarm/Art/Models/Characters/Cow/Cow.fbx
  artifactKey: Guid(112ecf86b2c933543884034e26802766) Importer(815301076,1909f56bfc062723c751e8b465ee728b)
Start importing Assets/Tensori/Low-polyFarm/Art/Models/Characters/Cow/Cow.fbx using Guid(112ecf86b2c933543884034e26802766) Importer(815301076,1909f56bfc062723c751e8b465ee728b)  -> (artifact id: 'e2d10d42f959aceb3baca1d90694d1e0') in 0.064441 seconds
Number of updated asset objects reloaded before import = 0
Number of asset objects unloaded after import = 137
========================================================================
Received Import Request.
  Time since last request: 0.000063 seconds.
  path: Assets/Tensori/Low-polyFarm/Art/Models/Environment/Nested/nested pines.fbx
  artifactKey: Guid(a4ceb1b9ec0f1a0479793f46ba5d316b) Importer(815301076,1909f56bfc062723c751e8b465ee728b)
Start importing Assets/Tensori/Low-polyFarm/Art/Models/Environment/Nested/nested pines.fbx using Guid(a4ceb1b9ec0f1a0479793f46ba5d316b) Importer(815301076,1909f56bfc062723c751e8b465ee728b)  -> (artifact id: '629d2f246568e89f98efdbbd790b487b') in 0.048444 seconds
Number of updated asset objects reloaded before import = 0
Number of asset objects unloaded after import = 22
========================================================================
Received Import Request.
  Time since last request: 0.000060 seconds.
  path: Assets/Tensori/Low-polyFarm/Art/Models/Environment/pinetree1.fbx
  artifactKey: Guid(5e1231d150c83e942881ebdb2dfda722) Importer(815301076,1909f56bfc062723c751e8b465ee728b)
Start importing Assets/Tensori/Low-polyFarm/Art/Models/Environment/pinetree1.fbx using Guid(5e1231d150c83e942881ebdb2dfda722) Importer(815301076,1909f56bfc062723c751e8b465ee728b)  -> (artifact id: '81e8c2a3daa9fa51c25a6b72aef86f27') in 0.030008 seconds
Number of updated asset objects reloaded before import = 0
Number of asset objects unloaded after import = 17
========================================================================
Received Import Request.
  Time since last request: 0.000080 seconds.
  path: Assets/Tensori/Low-polyFarm/Art/Models/Environment/wooden barrels.fbx
  artifactKey: Guid(a9768db9acbf107438701dd57f93a867) Importer(815301076,1909f56bfc062723c751e8b465ee728b)
Start importing Assets/Tensori/Low-polyFarm/Art/Models/Environment/wooden barrels.fbx using Guid(a9768db9acbf107438701dd57f93a867) Importer(815301076,1909f56bfc062723c751e8b465ee728b)  -> (artifact id: '98031748c73beb91aa815329124aae91') in 0.051023 seconds
Number of updated asset objects reloaded before import = 0
Number of asset objects unloaded after import = 22
========================================================================
Received Import Request.
  Time since last request: 0.000064 seconds.
  path: Assets/Tensori/Low-polyFarm/Art/Models/Environment/wood fence3.fbx
  artifactKey: Guid(c208fd78b7a7e354b984676bdd55ec00) Importer(815301076,1909f56bfc062723c751e8b465ee728b)
Start importing Assets/Tensori/Low-polyFarm/Art/Models/Environment/wood fence3.fbx using Guid(c208fd78b7a7e354b984676bdd55ec00) Importer(815301076,1909f56bfc062723c751e8b465ee728b)  -> (artifact id: 'dedcea72e460f628036fb9395fbf7947') in 0.031072 seconds
Number of updated asset objects reloaded before import = 0
Number of asset objects unloaded after import = 17
========================================================================
Received Import Request.
  Time since last request: 0.000083 seconds.
  path: Assets/Tensori/Low-polyFarm/Art/Models/Environment/haybale.fbx
  artifactKey: Guid(92d7e45fee09dec49b2e910b011dbd13) Importer(815301076,1909f56bfc062723c751e8b465ee728b)
Start importing Assets/Tensori/Low-polyFarm/Art/Models/Environment/haybale.fbx using Guid(92d7e45fee09dec49b2e910b011dbd13) Importer(815301076,1909f56bfc062723c751e8b465ee728b)  -> (artifact id: 'e2202169060c505373dad194be123a57') in 0.049433 seconds
Number of updated asset objects reloaded before import = 0
Number of asset objects unloaded after import = 22
========================================================================
Received Import Request.
  Time since last request: 0.000060 seconds.
  path: Assets/Tensori/Low-polyFarm/Art/Models/Environment/rock pile.fbx
  artifactKey: Guid(956068529ba567c4d8814625ac12cf93) Importer(815301076,1909f56bfc062723c751e8b465ee728b)
Start importing Assets/Tensori/Low-polyFarm/Art/Models/Environment/rock pile.fbx using Guid(956068529ba567c4d8814625ac12cf93) Importer(815301076,1909f56bfc062723c751e8b465ee728b)  -> (artifact id: 'afa81ddcfd59676acaffb6cb474c1d88') in 0.038121 seconds
Number of updated asset objects reloaded before import = 0
Number of asset objects unloaded after import = 17
========================================================================
Received Import Request.
  Time since last request: 0.000083 seconds.
  path: Assets/Tensori/Low-polyFarm/Art/Models/Environment/rock7.fbx
  artifactKey: Guid(03451e66889d65a4daa3504132e708c7) Importer(815301076,1909f56bfc062723c751e8b465ee728b)
Start importing Assets/Tensori/Low-polyFarm/Art/Models/Environment/rock7.fbx using Guid(03451e66889d65a4daa3504132e708c7) Importer(815301076,1909f56bfc062723c751e8b465ee728b)  -> (artifact id: 'bfc31dcdb255fc5f28b4eba8e0d09b79') in 0.036023 seconds
Number of updated asset objects reloaded before import = 0
Number of asset objects unloaded after import = 17
========================================================================
Received Import Request.
  Time since last request: 0.000062 seconds.
  path: Assets/Tensori/Low-polyFarm/Art/Models/Environment/fruit crate.fbx
  artifactKey: Guid(dd547f7db9bd0c743a6765f3d0c52347) Importer(815301076,1909f56bfc062723c751e8b465ee728b)
Start importing Assets/Tensori/Low-polyFarm/Art/Models/Environment/fruit crate.fbx using Guid(dd547f7db9bd0c743a6765f3d0c52347) Importer(815301076,1909f56bfc062723c751e8b465ee728b)  -> (artifact id: 'a7794276d8d220aeaefee9e848654c9f') in 0.049699 seconds
Number of updated asset objects reloaded before import = 0
Number of asset objects unloaded after import = 22
========================================================================
Received Import Request.
  Time since last request: 0.000120 seconds.
  path: Assets/Tensori/Low-polyFarm/Art/Models/Environment/appletree.fbx
  artifactKey: Guid(d8dedad394129ab4cacb689f503c4392) Importer(815301076,1909f56bfc062723c751e8b465ee728b)
Start importing Assets/Tensori/Low-polyFarm/Art/Models/Environment/appletree.fbx using Guid(d8dedad394129ab4cacb689f503c4392) Importer(815301076,1909f56bfc062723c751e8b465ee728b)  -> (artifact id: '91905924fe8a8e330b12b6c4dccf39ab') in 0.050889 seconds
Number of updated asset objects reloaded before import = 0
Number of asset objects unloaded after import = 22
========================================================================
Received Import Request.
  Time since last request: 0.000094 seconds.
  path: Assets/Tensori/Low-polyFarm/Art/Models/Environment/hill1.fbx
  artifactKey: Guid(40cd43e3ad8d5ec4bb794eca438c42b8) Importer(815301076,1909f56bfc062723c751e8b465ee728b)
Start importing Assets/Tensori/Low-polyFarm/Art/Models/Environment/hill1.fbx using Guid(40cd43e3ad8d5ec4bb794eca438c42b8) Importer(815301076,1909f56bfc062723c751e8b465ee728b)  -> (artifact id: 'fb6e791bada2a6d89675db6195de993c') in 0.034634 seconds
Number of updated asset objects reloaded before import = 0
Number of asset objects unloaded after import = 17
========================================================================
Received Import Request.
  Time since last request: 0.000119 seconds.
  path: Assets/Tensori/Low-polyFarm/Art/Models/Environment/mountain2 1.fbx
  artifactKey: Guid(5e32b8aaec1ada34aa124716c2c3095f) Importer(815301076,1909f56bfc062723c751e8b465ee728b)
Start importing Assets/Tensori/Low-polyFarm/Art/Models/Environment/mountain2 1.fbx using Guid(5e32b8aaec1ada34aa124716c2c3095f) Importer(815301076,1909f56bfc062723c751e8b465ee728b)  -> (artifact id: '0142965e8e3cf9b0b968d95e9ffc664b') in 0.050712 seconds
Number of updated asset objects reloaded before import = 0
Number of asset objects unloaded after import = 22
========================================================================
Received Import Request.
  Time since last request: 0.000059 seconds.
  path: Assets/Tensori/Low-polyFarm/Art/Models/Characters/Chicken NPC/chicken npc.fbx
  artifactKey: Guid(9be35797941f34742a7137573e6e8e4a) Importer(815301076,1909f56bfc062723c751e8b465ee728b)
Start importing Assets/Tensori/Low-polyFarm/Art/Models/Characters/Chicken NPC/chicken npc.fbx using Guid(9be35797941f34742a7137573e6e8e4a) Importer(815301076,1909f56bfc062723c751e8b465ee728b)  -> (artifact id: '5b96c7cf825c3051484c1f3b191ab0d5') in 0.056125 seconds
Number of updated asset objects reloaded before import = 0
Number of asset objects unloaded after import = 78
========================================================================
Received Import Request.
  Time since last request: 0.000086 seconds.
  path: Assets/Tensori/Low-polyFarm/Art/Models/Environment/wood fence1.fbx
  artifactKey: Guid(41c7667a04132a445af9bd7c253ca41e) Importer(815301076,1909f56bfc062723c751e8b465ee728b)
Start importing Assets/Tensori/Low-polyFarm/Art/Models/Environment/wood fence1.fbx using Guid(41c7667a04132a445af9bd7c253ca41e) Importer(815301076,1909f56bfc062723c751e8b465ee728b)  -> (artifact id: '769fd47e6b9e32254b3f5e225579a17c') in 0.064282 seconds
Number of updated asset objects reloaded before import = 0
Number of asset objects unloaded after import = 17
========================================================================
Received Import Request.
  Time since last request: 0.000213 seconds.
  path: Assets/Tensori/Low-polyFarm/Art/Models/Environment/well.fbx
  artifactKey: Guid(8e60fd1b58c2e5f47ad7a6a01ee370ae) Importer(815301076,1909f56bfc062723c751e8b465ee728b)
Start importing Assets/Tensori/Low-polyFarm/Art/Models/Environment/well.fbx using Guid(8e60fd1b58c2e5f47ad7a6a01ee370ae) Importer(815301076,1909f56bfc062723c751e8b465ee728b)  -> (artifact id: 'cf2bb5c658151dde5938bca522302962') in 0.053827 seconds
Number of updated asset objects reloaded before import = 0
Number of asset objects unloaded after import = 22
========================================================================
Received Import Request.
  Time since last request: 0.000061 seconds.
  path: Assets/Tensori/Low-polyFarm/Art/Models/Environment/hayfield large.fbx
  artifactKey: Guid(afb481d2422542948b7df607503157cd) Importer(815301076,1909f56bfc062723c751e8b465ee728b)
Start importing Assets/Tensori/Low-polyFarm/Art/Models/Environment/hayfield large.fbx using Guid(afb481d2422542948b7df607503157cd) Importer(815301076,1909f56bfc062723c751e8b465ee728b)  -> (artifact id: '2e0f567494d9fcbf57916f5493860878') in 0.060988 seconds
Number of updated asset objects reloaded before import = 0
Number of asset objects unloaded after import = 24
Editor requested this worker to shutdown with reason: Scaling down because of idle timeout
TcpMessagingSession - receive error: operation aborted. errorcode: 89, details: Operation aborted.
AssetImportWorker is now disconnected from the server
Process exiting
